<?xml version="1.0" encoding="UTF-8"?>
<persistence xmlns="http://java.sun.com/xml/ns/persistence" xmlns:xsi="http://www.w3.org/2001/XMLSchema-instance"
             xsi:schemaLocation="http://java.sun.com/xml/ns/persistence http://java.sun.com/xml/ns/persistence/persistence_2_0.xsd"
             version="2.0">

    <persistence-unit name="myPU" transaction-type="JTA">
        <jta-data-source>fooDS</jta-data-source>

        <properties>
            <property name="openjpa.jdbc.SynchronizeMappings"
                      value="buildSchema(ForeignKeys=true)"/>
            <property name="openjpa.Log"
                      value="DefaultLevel=TRACE,SQL=TRACE"/>
        </properties>
    </persistence-unit>
    <!--    <persistence-unit name="TestPu" transaction-type="RESOURCE_LOCAL">-->
    <!--        <provider>org.eclipse.persistence.jpa.PersistenceProvider</provider>-->


    <!--        <exclude-unlisted-classes>true</exclude-unlisted-classes>-->
    <!--        <properties>-->
    <!--            &lt;!&ndash; Common properties &ndash;&gt;-->
    <!--            <property name="javax.persistence.jdbc.driver" value="org.apache.derby.jdbc.EmbeddedDriver"/>-->
    <!--            <property name="javax.persistence.jdbc.url" value="jdbc:derby:memory:test-jpa;create=true"/>-->
    <!--            <property name="javax.persistence.jdbc.user" value="APP"/>-->
    <!--            <property name="javax.persistence.jdbc.password" value="APP"/>-->

    <!--            &lt;!&ndash; EclipseLink specific properties &ndash;&gt;-->
    <!--            <property name="eclipselink.target-database" value="Derby"/>-->
    <!--            <property name="eclipselink.ddl-generation" value="drop-and-create-tables"/>-->
    <!--            <property name="eclipselink.debug" value="ALL"/>-->
    <!--            <property name="eclipselink.weaving" value="static"/>-->
    <!--            <property name="eclipselink.logging.level" value="FINEST"/>-->
    <!--            <property name="eclipselink.logging.level.sql" value="FINEST"/>-->
    <!--            <property name="eclipselink.logging.level.cache" value="FINEST"/>-->
    <!--        </properties>-->
    <!--    </persistence-unit>-->


    <!--    <persistence-unit name="testPU" transaction-type="RESOURCE_LOCAL">
            <provider>org.hibernate.ejb.HibernatePersistence</provider>
            <class>no.fishapp.auth.model.AuthenticatedUser</class>
            <class>no.fishapp.auth.model.Group</class>
            <class>no.fishapp.auth.model.Admin</class>
            <exclude-unlisted-classes>true</exclude-unlisted-classes>
            <properties>
                <property name="hibernate.connection.url" value="jdbc:derby:memory:jpa"/>
                <property name="hibernate.connection.driver_class" value="org.apache.derby.jdbc.EmbeddedDriver"/>
                <property name="hibernate.dialect" value="org.hibernate.dialect.DerbyDialect"/>
                <property name="hibernate.hbm2ddl.auto" value="create"/>
                <property name="hibernate.connection.username" value=""/>
                <property name="hibernate.connection.password" value=""/>
            </properties>
        </persistence-unit>-->


</persistence>